3 modules and 0 UDP read.
recompiling module power_management
recompiling module s3_system
recompiling module tb_multi_level_power_down
All of 3 modules done
rm -f _cuarc*.so _csrc*.so pre_vcsobj_*.so share_vcsobj_*.so
if [ -x ../simv ]; then chmod a-x ../simv; fi
g++  -o ../simv      -rdynamic  -Wl,-rpath='$ORIGIN'/simv.daidir -Wl,-rpath=./simv.daidir -Wl,-rpath=/apps/vcsmx/vcs/U-2023.03-SP2/linux64/lib -L/apps/vcsmx/vcs/U-2023.03-SP2/linux64/lib  -Wl,-rpath-link=./   objs/amcQw_d.o   _332_archive_1.so   SIM_l.o       rmapats_mop.o rmapats.o rmar.o rmar_nd.o  rmar_llvm_0_1.o rmar_llvm_0_0.o            -lvirsim -lerrorinf -lsnpsmalloc -lvfs    -lvcsnew -lsimprofile -luclinative /apps/vcsmx/vcs/U-2023.03-SP2/linux64/lib/vcs_tls.o   -Wl,-whole-archive  -lvcsucli    -Wl,-no-whole-archive          /apps/vcsmx/vcs/U-2023.03-SP2/linux64/lib/vcs_save_restore_new.o -ldl  -lc -lm -lpthread -ldl 
../simv up to date
CPU time: .408 seconds to compile + .477 seconds to elab + .245 seconds to link
Chronologic VCS simulator copyright 1991-2023
Contains Synopsys proprietary information.
Compiler version U-2023.03-SP2_Full64; Runtime version U-2023.03-SP2_Full64;  Apr  2 17:31 2025
Time: 0 | Reset: 1 | Idle: 0 | Interrupt: 0 | Clk Gate: 0 | PG Down: 0 | Reset Assert: 0 | Isolation: 1
Time: 10 | Reset: 0 | Idle: 0 | Interrupt: 0 | Clk Gate: 0 | PG Down: 0 | Reset Assert: 0 | Isolation: 1
Time: 70 | Reset: 0 | Idle: 1 | Interrupt: 0 | Clk Gate: 0 | PG Down: 0 | Reset Assert: 0 | Isolation: 1
Time: 120 | Reset: 0 | Idle: 1 | Interrupt: 1 | Clk Gate: 0 | PG Down: 0 | Reset Assert: 0 | Isolation: 1
Time: 125 | Reset: 0 | Idle: 1 | Interrupt: 1 | Clk Gate: 0 | PG Down: 1 | Reset Assert: 1 | Isolation: 0

Final Signal Values:
Time: 160 | Reset: 0 | Idle: 1 | Interrupt: 1 | Clk Gate: 0 | PG Down: 1 | Reset Assert: 1 | Isolation: 0
$finish called from file "testbench.sv", line 393.
$finish at simulation time                  160
           V C S   S i m u l a t i o n   R e p o r t 
Time: 160 ns
CPU Time:      0.360 seconds;       Data structure size:   0.0Mb
Wed Apr  2 17:31:21 2025
Finding VCD file...
./dump.vcd
[2025-04-02 21:31:21 UTC] Opening EPWave...
Done
